{"/Users/dias.sabrina/workbox/focusList/src/context/NotifyContext/ToastContext.ts": {"path":"/Users/dias.sabrina/workbox/focusList/src/context/NotifyContext/ToastContext.ts","statementMap":{"0":{"start":{"line":1,"column":0},"end":{"line":1,"column":38}},"1":{"start":{"line":8,"column":21},"end":{"line":9,"column":null}},"2":{"start":{"line":12,"column":0},"end":{"line":12,"column":28}}},"fnMap":{},"branchMap":{},"s":{"0":1,"1":1,"2":1},"f":{},"b":{}}
,"/Users/dias.sabrina/workbox/focusList/src/context/NotifyContext/useToast.tsx": {"path":"/Users/dias.sabrina/workbox/focusList/src/context/NotifyContext/useToast.tsx","statementMap":{"0":{"start":{"line":1,"column":0},"end":{"line":1,"column":35}},"1":{"start":{"line":3,"column":0},"end":{"line":3,"column":42}},"2":{"start":{"line":5,"column":24},"end":{"line":11,"column":1}},"3":{"start":{"line":6,"column":18},"end":{"line":6,"column":42}},"4":{"start":{"line":7,"column":2},"end":{"line":9,"column":3}},"5":{"start":{"line":8,"column":4},"end":{"line":8,"column":68}},"6":{"start":{"line":10,"column":2},"end":{"line":10,"column":17}},"7":{"start":{"line":5,"column":13},"end":{"line":5,"column":24}}},"fnMap":{"0":{"name":"(anonymous_1)","decl":{"start":{"line":5,"column":24},"end":{"line":5,"column":27}},"loc":{"start":{"line":5,"column":29},"end":{"line":11,"column":1}}}},"branchMap":{"0":{"loc":{"start":{"line":7,"column":2},"end":{"line":9,"column":3}},"type":"if","locations":[{"start":{"line":7,"column":2},"end":{"line":9,"column":3}}]}},"s":{"0":1,"1":1,"2":1,"3":0,"4":0,"5":0,"6":0,"7":1},"f":{"0":0},"b":{"0":[0]}}
,"/Users/dias.sabrina/workbox/focusList/src/features/TaskCreate/index.tsx": {"path":"/Users/dias.sabrina/workbox/focusList/src/features/TaskCreate/index.tsx","statementMap":{"0":{"start":{"line":1,"column":0},"end":{"line":1,"column":41}},"1":{"start":{"line":2,"column":0},"end":{"line":2,"column":60}},"2":{"start":{"line":3,"column":0},"end":{"line":3,"column":47}},"3":{"start":{"line":4,"column":0},"end":{"line":4,"column":27}},"4":{"start":{"line":6,"column":0},"end":{"line":6,"column":46}},"5":{"start":{"line":7,"column":0},"end":{"line":7,"column":54}},"6":{"start":{"line":8,"column":0},"end":{"line":8,"column":52}},"7":{"start":{"line":10,"column":0},"end":{"line":10,"column":64}},"8":{"start":{"line":11,"column":0},"end":{"line":11,"column":54}},"9":{"start":{"line":18,"column":25},"end":{"line":21,"column":2}},"10":{"start":{"line":23,"column":34},"end":{"line":26,"column":2}},"11":{"start":{"line":28,"column":18},"end":{"line":46,"column":3}},"12":{"start":{"line":28,"column":41},"end":{"line":46,"column":2}},"13":{"start":{"line":48,"column":29},"end":{"line":118,"column":1}},"14":{"start":{"line":49,"column":19},"end":{"line":49,"column":32}},"15":{"start":{"line":50,"column":18},"end":{"line":50,"column":29}},"16":{"start":{"line":51,"column":24},"end":{"line":51,"column":34}},"17":{"start":{"line":52,"column":41},"end":{"line":52,"column":56}},"18":{"start":{"line":53,"column":23},"end":{"line":59,"column":3}},"19":{"start":{"line":57,"column":4},"end":{"line":57,"column":19}},"20":{"start":{"line":58,"column":4},"end":{"line":58,"column":16}},"21":{"start":{"line":61,"column":2},"end":{"line":66,"column":18}},"22":{"start":{"line":62,"column":4},"end":{"line":65,"column":5}},"23":{"start":{"line":63,"column":6},"end":{"line":63,"column":20}},"24":{"start":{"line":64,"column":6},"end":{"line":64,"column":37}},"25":{"start":{"line":68,"column":2},"end":{"line":72,"column":16}},"26":{"start":{"line":69,"column":4},"end":{"line":71,"column":5}},"27":{"start":{"line":70,"column":6},"end":{"line":70,"column":41}},"28":{"start":{"line":74,"column":2},"end":{"line":117,"column":4}},"29":{"start":{"line":81,"column":8},"end":{"line":113,"column":null}},"30":{"start":{"line":120,"column":0},"end":{"line":120,"column":26}}},"fnMap":{"0":{"name":"(anonymous_7)","decl":{"start":{"line":28,"column":29},"end":{"line":28,"column":30}},"loc":{"start":{"line":28,"column":41},"end":{"line":46,"column":2}}},"1":{"name":"(anonymous_8)","decl":{"start":{"line":48,"column":29},"end":{"line":48,"column":32}},"loc":{"start":{"line":48,"column":34},"end":{"line":118,"column":1}}},"2":{"name":"(anonymous_9)","decl":{"start":{"line":53,"column":23},"end":{"line":53,"column":null}},"loc":{"start":{"line":56,"column":6},"end":{"line":59,"column":3}}},"3":{"name":"(anonymous_10)","decl":{"start":{"line":61,"column":12},"end":{"line":61,"column":15}},"loc":{"start":{"line":61,"column":17},"end":{"line":66,"column":3}}},"4":{"name":"(anonymous_11)","decl":{"start":{"line":68,"column":12},"end":{"line":68,"column":15}},"loc":{"start":{"line":68,"column":17},"end":{"line":72,"column":3}}},"5":{"name":"(anonymous_12)","decl":{"start":{"line":80,"column":7},"end":{"line":80,"column":8}},"loc":{"start":{"line":81,"column":8},"end":{"line":113,"column":null}}}},"branchMap":{"0":{"loc":{"start":{"line":62,"column":4},"end":{"line":65,"column":5}},"type":"if","locations":[{"start":{"line":62,"column":4},"end":{"line":65,"column":5}}]},"1":{"loc":{"start":{"line":69,"column":4},"end":{"line":71,"column":5}},"type":"if","locations":[{"start":{"line":69,"column":4},"end":{"line":71,"column":5}}]},"2":{"loc":{"start":{"line":88,"column":19},"end":{"line":88,"column":48}},"type":"binary-expr","locations":[{"start":{"line":88,"column":19},"end":{"line":88,"column":31}},{"start":{"line":88,"column":35},"end":{"line":88,"column":48}}]},"3":{"loc":{"start":{"line":89,"column":24},"end":{"line":89,"column":69}},"type":"binary-expr","locations":[{"start":{"line":89,"column":24},"end":{"line":89,"column":36}},{"start":{"line":89,"column":40},"end":{"line":89,"column":53}},{"start":{"line":89,"column":57},"end":{"line":89,"column":69}}]},"4":{"loc":{"start":{"line":100,"column":19},"end":{"line":100,"column":60}},"type":"binary-expr","locations":[{"start":{"line":100,"column":19},"end":{"line":100,"column":37}},{"start":{"line":100,"column":41},"end":{"line":100,"column":60}}]},"5":{"loc":{"start":{"line":102,"column":14},"end":{"line":102,"column":77}},"type":"binary-expr","locations":[{"start":{"line":102,"column":14},"end":{"line":102,"column":32}},{"start":{"line":102,"column":36},"end":{"line":102,"column":55}},{"start":{"line":102,"column":59},"end":{"line":102,"column":77}}]}},"s":{"0":1,"1":1,"2":1,"3":1,"4":1,"5":1,"6":1,"7":1,"8":1,"9":1,"10":1,"11":1,"12":2,"13":1,"14":3,"15":3,"16":2,"17":2,"18":2,"19":2,"20":2,"21":2,"22":2,"23":1,"24":1,"25":2,"26":2,"27":1,"28":2,"29":9,"30":1},"f":{"0":2,"1":3,"2":2,"3":2,"4":2,"5":9},"b":{"0":[1],"1":[1],"2":[9,0],"3":[9,0,0],"4":[9,0],"5":[9,0,0]}}
,"/Users/dias.sabrina/workbox/focusList/src/hooks/useCreateTask.tsx": {"path":"/Users/dias.sabrina/workbox/focusList/src/hooks/useCreateTask.tsx","statementMap":{"0":{"start":{"line":1,"column":0},"end":{"line":1,"column":52}},"1":{"start":{"line":3,"column":0},"end":{"line":3,"column":52}},"2":{"start":{"line":15,"column":22},"end":{"line":27,"column":1}},"3":{"start":{"line":16,"column":2},"end":{"line":26,"column":5}},"4":{"start":{"line":18,"column":39},"end":{"line":22,"column":8}},"5":{"start":{"line":23,"column":6},"end":{"line":23,"column":39}},"6":{"start":{"line":25,"column":24},"end":{"line":25,"column":50}},"7":{"start":{"line":29,"column":0},"end":{"line":29,"column":29}}},"fnMap":{"0":{"name":"(anonymous_0)","decl":{"start":{"line":15,"column":22},"end":{"line":15,"column":25}},"loc":{"start":{"line":15,"column":27},"end":{"line":27,"column":1}}},"1":{"name":"(anonymous_1)","decl":{"start":{"line":17,"column":16},"end":{"line":17,"column":17}},"loc":{"start":{"line":17,"column":45},"end":{"line":24,"column":5}}},"2":{"name":"(anonymous_2)","decl":{"start":{"line":25,"column":13},"end":{"line":25,"column":14}},"loc":{"start":{"line":25,"column":24},"end":{"line":25,"column":50}}}},"branchMap":{},"s":{"0":1,"1":1,"2":1,"3":0,"4":0,"5":0,"6":0,"7":1},"f":{"0":0,"1":0,"2":0},"b":{}}
,"/Users/dias.sabrina/workbox/focusList/src/services/createTaks.ts": {"path":"/Users/dias.sabrina/workbox/focusList/src/services/createTaks.ts","statementMap":{"0":{"start":{"line":1,"column":0},"end":{"line":1,"column":26}},"1":{"start":{"line":3,"column":0},"end":{"line":3,"column":41}},"2":{"start":{"line":13,"column":26},"end":{"line":21,"column":1}},"3":{"start":{"line":14,"column":2},"end":{"line":20,"column":3}},"4":{"start":{"line":15,"column":21},"end":{"line":15,"column":73}},"5":{"start":{"line":16,"column":4},"end":{"line":16,"column":25}},"6":{"start":{"line":18,"column":4},"end":{"line":18,"column":52}},"7":{"start":{"line":19,"column":4},"end":{"line":19,"column":16}},"8":{"start":{"line":13,"column":13},"end":{"line":13,"column":26}}},"fnMap":{"0":{"name":"(anonymous_1)","decl":{"start":{"line":13,"column":26},"end":{"line":13,"column":31}},"loc":{"start":{"line":13,"column":71},"end":{"line":21,"column":1}}}},"branchMap":{},"s":{"0":1,"1":1,"2":1,"3":0,"4":0,"5":0,"6":0,"7":0,"8":1},"f":{"0":0},"b":{}}
}
