TN:
SF:src/context/NotifyContext/ToastContext.ts
FNF:0
FNH:0
DA:1,1
DA:8,1
DA:12,1
LF:3
LH:3
BRF:0
BRH:0
end_of_record
TN:
SF:src/context/NotifyContext/useToast.tsx
FN:5,(anonymous_1)
FNF:1
FNH:0
FNDA:0,(anonymous_1)
DA:1,1
DA:3,1
DA:5,1
DA:6,0
DA:7,0
DA:8,0
DA:10,0
LF:7
LH:3
BRDA:7,0,0,0
BRF:1
BRH:0
end_of_record
TN:
SF:src/features/TaskCreate/index.tsx
FN:28,(anonymous_7)
FN:48,(anonymous_8)
FN:53,(anonymous_9)
FN:61,(anonymous_10)
FN:68,(anonymous_11)
FN:80,(anonymous_12)
FNF:6
FNH:6
FNDA:2,(anonymous_7)
FNDA:3,(anonymous_8)
FNDA:2,(anonymous_9)
FNDA:2,(anonymous_10)
FNDA:2,(anonymous_11)
FNDA:9,(anonymous_12)
DA:1,1
DA:2,1
DA:3,1
DA:4,1
DA:6,1
DA:7,1
DA:8,1
DA:10,1
DA:11,1
DA:18,1
DA:23,1
DA:28,2
DA:48,1
DA:49,3
DA:50,3
DA:51,2
DA:52,2
DA:53,2
DA:57,2
DA:58,2
DA:61,2
DA:62,2
DA:63,1
DA:64,1
DA:68,2
DA:69,2
DA:70,1
DA:74,2
DA:81,9
DA:120,1
LF:30
LH:30
BRDA:62,0,0,1
BRDA:69,1,0,1
BRDA:88,2,0,9
BRDA:88,2,1,0
BRDA:89,3,0,9
BRDA:89,3,1,0
BRDA:89,3,2,0
BRDA:100,4,0,9
BRDA:100,4,1,0
BRDA:102,5,0,9
BRDA:102,5,1,0
BRDA:102,5,2,0
BRF:12
BRH:6
end_of_record
TN:
SF:src/hooks/useCreateTask.tsx
FN:15,(anonymous_0)
FN:17,(anonymous_1)
FN:25,(anonymous_2)
FNF:3
FNH:0
FNDA:0,(anonymous_0)
FNDA:0,(anonymous_1)
FNDA:0,(anonymous_2)
DA:1,1
DA:3,1
DA:15,1
DA:16,0
DA:18,0
DA:23,0
DA:25,0
DA:29,1
LF:8
LH:4
BRF:0
BRH:0
end_of_record
TN:
SF:src/services/createTaks.ts
FN:13,(anonymous_1)
FNF:1
FNH:0
FNDA:0,(anonymous_1)
DA:1,1
DA:3,1
DA:13,1
DA:14,0
DA:15,0
DA:16,0
DA:18,0
DA:19,0
LF:8
LH:3
BRF:0
BRH:0
end_of_record
